<html>
<head>
<title>TestNG:  Test</title>
<link href="../testng.css" rel="stylesheet" type="text/css" />
<link href="../my-testng.css" rel="stylesheet" type="text/css" />

<style type="text/css">
.log { display: none;} 
.stack-trace { display: none;} 
</style>
<script type="text/javascript">
<!--
function flip(e) {
  current = e.style.display;
  if (current == 'block') {
    e.style.display = 'none';
    return 0;
  }
  else {
    e.style.display = 'block';
    return 1;
  }
}

function toggleBox(szDivId, elem, msg1, msg2)
{
  var res = -1;  if (document.getElementById) {
    res = flip(document.getElementById(szDivId));
  }
  else if (document.all) {
    // this is the way old msie versions work
    res = flip(document.all[szDivId]);
  }
  if(elem) {
    if(res == 0) elem.innerHTML = msg1; else elem.innerHTML = msg2;
  }

}

function toggleAllBoxes() {
  if (document.getElementsByTagName) {
    d = document.getElementsByTagName('div');
    for (i = 0; i < d.length; i++) {
      if (d[i].className == 'log') {
        flip(d[i]);
      }
    }
  }
}

// -->
</script>

</head>
<body>
<h2 align='center'>Test</h2><table border='1' align="center">
<tr>
<td>Tests passed/Failed/Skipped:</td><td>31/2/0</td>
</tr><tr>
<td>Started on:</td><td>Fri Mar 29 13:05:22 IST 2024</td>
</tr>
<tr><td>Total time:</td><td>382 seconds (382085 ms)</td>
</tr><tr>
<td>Included groups:</td><td></td>
</tr><tr>
<td>Excluded groups:</td><td></td>
</tr>
</table><p/>
<small><i>(Hover the method name to see the test class name)</i></small><p/>
<table width='100%' border='1' class='invocation-failed'>
<tr><td colspan='4' align='center'><b>FAILED TESTS</b></td></tr>
<tr><td><b>Test method</b></td>
<td width="30%"><b>Exception</b></td>
<td width="10%"><b>Time (seconds)</b></td>
<td><b>Instance</b></td>
</tr>
<tr>
<td title='testCases.Bangladesh.rtr1604vknowyourbike()'><b>rtr1604vknowyourbike</b><br>Test class: testCases.Bangladesh</td>
<td><div><pre>org.openqa.selenium.NoSuchElementException: Can&apos;t locate an element by this strategy: By.chained({By.xpath: //*[contains(@text,&apos;Know&apos;)]})
	at io.appium.java_client.pagefactory.AppiumElementLocator.findElement(AppiumElementLocator.java:166)
	at io.appium.java_client.pagefactory.interceptors.InterceptorOfASingleElement.call(InterceptorOfASingleElement.java:64)
	at io.appium.java_client.proxy.Interceptor.intercept(Interceptor.java:78)
	at org.openqa.selenium.remote.RemoteWebElement$ByteBuddy$PRrkw47k.click(Unknown Source)
	at pageObject.RTR1604vKnowYourBike.knowyourbike(RTR1604vKnowYourBike.java:21)
	at testCases.Bangladesh.rtr1604vknowyourbike(Bangladesh.java:135)
	at java.base/java.util.ArrayList.forEach(ArrayList.java:1511)
Caused by: org.openqa.selenium.TimeoutException: Expected condition failed: waiting for io.appium.java_client.pagefactory.AppiumElementLocator$WaitingFunction@624be1d4 (tried for 1 second(s) with 500 milliseconds interval)
	at org.openqa.selenium.support.ui.FluentWait.timeoutException(FluentWait.java:262)
	at org.openqa.selenium.support.ui.FluentWait.until(FluentWait.java:230)
	at io.appium.java_client.pagefactory.AppiumElementLocator.waitFor(AppiumElementLocator.java:135)
	at io.appium.java_client.pagefactory.AppiumElementLocator.findElement(AppiumElementLocator.java:160)
	... 33 more
Caused by: org.openqa.selenium.NoSuchElementException: Cannot locate an element using By.chained({By.xpath: //*[contains(@text,&apos;Know&apos;)]})
For documentation on this error, please visit: https://www.selenium.dev/documentation/webdriver/troubleshooting/errors#no-such-element-exception
Build info: version: &apos;4.13.0&apos;, revision: &apos;ba948ece5b*&apos;
System info: os.name: &apos;Windows 10&apos;, os.arch: &apos;amd64&apos;, os.version: &apos;10.0&apos;, java.version: &apos;17.0.6&apos;
Driver info: driver.version: RemoteWebDriver
	at io.appium.java_client.pagefactory.bys.builder.ByChained.findElement(ByChained.java:77)
	at org.openqa.selenium.remote.ElementLocation$ElementFinder$1.findElement(ElementLocation.java:139)
	at org.openqa.selenium.remote.ElementLocation.findElement(ElementLocation.java:59)
	at org.openqa.selenium.remote.RemoteWebDriver.findElement(RemoteWebDriver.java:359)
	at org.openqa.selenium.remote.RemoteWebDriver.findElement(RemoteWebDriver.java:353)
	at io.appium.java_client.pagefactory.bys.ContentMappedBy.findElement(ContentMappedBy.java:53)
	at org.openqa.selenium.remote.ElementLocation$ElementFinder$1.findElement(ElementLocation.java:139)
	at org.openqa.selenium.remote.ElementLocation.findElement(ElementLocation.java:59)
	at org.openqa.selenium.remote.RemoteWebDriver.findElement(RemoteWebDriver.java:359)
	at org.openqa.selenium.remote.RemoteWebDriver.findElement(RemoteWebDriver.java:353)
	at io.appium.java_client.pagefactory.AppiumElementLocator.lambda$findElement$1(AppiumElementLocator.java:160)
	at io.appium.java_client.pagefactory.AppiumElementLocator$WaitingFunction.apply(AppiumElementLocator.java:217)
	at io.appium.java_client.pagefactory.AppiumElementLocator$WaitingFunction.apply(AppiumElementLocator.java:210)
	at org.openqa.selenium.support.ui.FluentWait.until(FluentWait.java:205)
	... 35 more
... Removed 27 stack frames</pre></div><a href='#' onClick='toggleBox("stack-trace357767349", this, "Click to show all stack frames", "Click to hide stack frames")'>Click to show all stack frames</a>
<div class='stack-trace' id='stack-trace357767349'><pre>org.openqa.selenium.NoSuchElementException: Can&apos;t locate an element by this strategy: By.chained({By.xpath: //*[contains(@text,&apos;Know&apos;)]})
	at io.appium.java_client.pagefactory.AppiumElementLocator.findElement(AppiumElementLocator.java:166)
	at io.appium.java_client.pagefactory.interceptors.InterceptorOfASingleElement.call(InterceptorOfASingleElement.java:64)
	at io.appium.java_client.proxy.Interceptor.intercept(Interceptor.java:78)
	at org.openqa.selenium.remote.RemoteWebElement$ByteBuddy$PRrkw47k.click(Unknown Source)
	at pageObject.RTR1604vKnowYourBike.knowyourbike(RTR1604vKnowYourBike.java:21)
	at testCases.Bangladesh.rtr1604vknowyourbike(Bangladesh.java:135)
	at java.base/jdk.internal.reflect.NativeMethodAccessorImpl.invoke0(Native Method)
	at java.base/jdk.internal.reflect.NativeMethodAccessorImpl.invoke(NativeMethodAccessorImpl.java:77)
	at java.base/jdk.internal.reflect.DelegatingMethodAccessorImpl.invoke(DelegatingMethodAccessorImpl.java:43)
	at java.base/java.lang.reflect.Method.invoke(Method.java:568)
	at org.testng.internal.MethodInvocationHelper.invokeMethod(MethodInvocationHelper.java:133)
	at org.testng.internal.TestInvoker.invokeMethod(TestInvoker.java:598)
	at org.testng.internal.TestInvoker.invokeTestMethod(TestInvoker.java:173)
	at org.testng.internal.MethodRunner.runInSequence(MethodRunner.java:46)
	at org.testng.internal.TestInvoker$MethodInvocationAgent.invoke(TestInvoker.java:824)
	at org.testng.internal.TestInvoker.invokeTestMethods(TestInvoker.java:146)
	at org.testng.internal.TestMethodWorker.invokeTestMethods(TestMethodWorker.java:146)
	at org.testng.internal.TestMethodWorker.run(TestMethodWorker.java:128)
	at java.base/java.util.ArrayList.forEach(ArrayList.java:1511)
	at org.testng.TestRunner.privateRun(TestRunner.java:794)
	at org.testng.TestRunner.run(TestRunner.java:596)
	at org.testng.SuiteRunner.runTest(SuiteRunner.java:377)
	at org.testng.SuiteRunner.runSequentially(SuiteRunner.java:371)
	at org.testng.SuiteRunner.privateRun(SuiteRunner.java:332)
	at org.testng.SuiteRunner.run(SuiteRunner.java:276)
	at org.testng.SuiteRunnerWorker.runSuite(SuiteRunnerWorker.java:53)
	at org.testng.SuiteRunnerWorker.run(SuiteRunnerWorker.java:96)
	at org.testng.TestNG.runSuitesSequentially(TestNG.java:1212)
	at org.testng.TestNG.runSuitesLocally(TestNG.java:1134)
	at org.testng.TestNG.runSuites(TestNG.java:1063)
	at org.testng.TestNG.run(TestNG.java:1031)
	at org.testng.remote.AbstractRemoteTestNG.run(AbstractRemoteTestNG.java:115)
	at org.testng.remote.RemoteTestNG.initAndRun(RemoteTestNG.java:251)
	at org.testng.remote.RemoteTestNG.main(RemoteTestNG.java:77)
Caused by: org.openqa.selenium.TimeoutException: Expected condition failed: waiting for io.appium.java_client.pagefactory.AppiumElementLocator$WaitingFunction@624be1d4 (tried for 1 second(s) with 500 milliseconds interval)
	at org.openqa.selenium.support.ui.FluentWait.timeoutException(FluentWait.java:262)
	at org.openqa.selenium.support.ui.FluentWait.until(FluentWait.java:230)
	at io.appium.java_client.pagefactory.AppiumElementLocator.waitFor(AppiumElementLocator.java:135)
	at io.appium.java_client.pagefactory.AppiumElementLocator.findElement(AppiumElementLocator.java:160)
	... 33 more
Caused by: org.openqa.selenium.NoSuchElementException: Cannot locate an element using By.chained({By.xpath: //*[contains(@text,&apos;Know&apos;)]})
For documentation on this error, please visit: https://www.selenium.dev/documentation/webdriver/troubleshooting/errors#no-such-element-exception
Build info: version: &apos;4.13.0&apos;, revision: &apos;ba948ece5b*&apos;
System info: os.name: &apos;Windows 10&apos;, os.arch: &apos;amd64&apos;, os.version: &apos;10.0&apos;, java.version: &apos;17.0.6&apos;
Driver info: driver.version: RemoteWebDriver
	at io.appium.java_client.pagefactory.bys.builder.ByChained.findElement(ByChained.java:77)
	at org.openqa.selenium.remote.ElementLocation$ElementFinder$1.findElement(ElementLocation.java:139)
	at org.openqa.selenium.remote.ElementLocation.findElement(ElementLocation.java:59)
	at org.openqa.selenium.remote.RemoteWebDriver.findElement(RemoteWebDriver.java:359)
	at org.openqa.selenium.remote.RemoteWebDriver.findElement(RemoteWebDriver.java:353)
	at io.appium.java_client.pagefactory.bys.ContentMappedBy.findElement(ContentMappedBy.java:53)
	at org.openqa.selenium.remote.ElementLocation$ElementFinder$1.findElement(ElementLocation.java:139)
	at org.openqa.selenium.remote.ElementLocation.findElement(ElementLocation.java:59)
	at org.openqa.selenium.remote.RemoteWebDriver.findElement(RemoteWebDriver.java:359)
	at org.openqa.selenium.remote.RemoteWebDriver.findElement(RemoteWebDriver.java:353)
	at io.appium.java_client.pagefactory.AppiumElementLocator.lambda$findElement$1(AppiumElementLocator.java:160)
	at io.appium.java_client.pagefactory.AppiumElementLocator$WaitingFunction.apply(AppiumElementLocator.java:217)
	at io.appium.java_client.pagefactory.AppiumElementLocator$WaitingFunction.apply(AppiumElementLocator.java:210)
	at org.openqa.selenium.support.ui.FluentWait.until(FluentWait.java:205)
	... 35 more
</pre></div></td>
<td>10</td>
<td>testCases.Bangladesh@36328d33</td></tr>
<tr>
<td title='testCases.Bangladesh.rtr1604vsettings()'><b>rtr1604vsettings</b><br>Test class: testCases.Bangladesh</td>
<td><div><pre>org.openqa.selenium.NoSuchElementException: Can&apos;t locate an element by this strategy: By.chained({By.xpath: //android.widget.TextView[@text=&apos;Settings&apos;]})
	at io.appium.java_client.pagefactory.AppiumElementLocator.findElement(AppiumElementLocator.java:166)
	at io.appium.java_client.pagefactory.interceptors.InterceptorOfASingleElement.call(InterceptorOfASingleElement.java:64)
	at io.appium.java_client.proxy.Interceptor.intercept(Interceptor.java:78)
	at org.openqa.selenium.remote.RemoteWebElement$ByteBuddy$0sVpc9wf.click(Unknown Source)
	at pageObject.RTR1604vSettings.settings(RTR1604vSettings.java:38)
	at testCases.Bangladesh.rtr1604vsettings(Bangladesh.java:143)
	at java.base/java.util.ArrayList.forEach(ArrayList.java:1511)
Caused by: org.openqa.selenium.TimeoutException: Expected condition failed: waiting for io.appium.java_client.pagefactory.AppiumElementLocator$WaitingFunction@2e1c5d1f (tried for 1 second(s) with 500 milliseconds interval)
	at org.openqa.selenium.support.ui.FluentWait.timeoutException(FluentWait.java:262)
	at org.openqa.selenium.support.ui.FluentWait.until(FluentWait.java:230)
	at io.appium.java_client.pagefactory.AppiumElementLocator.waitFor(AppiumElementLocator.java:135)
	at io.appium.java_client.pagefactory.AppiumElementLocator.findElement(AppiumElementLocator.java:160)
	... 33 more
Caused by: org.openqa.selenium.NoSuchElementException: Cannot locate an element using By.chained({By.xpath: //android.widget.TextView[@text=&apos;Settings&apos;]})
For documentation on this error, please visit: https://www.selenium.dev/documentation/webdriver/troubleshooting/errors#no-such-element-exception
Build info: version: &apos;4.13.0&apos;, revision: &apos;ba948ece5b*&apos;
System info: os.name: &apos;Windows 10&apos;, os.arch: &apos;amd64&apos;, os.version: &apos;10.0&apos;, java.version: &apos;17.0.6&apos;
Driver info: driver.version: RemoteWebDriver
	at io.appium.java_client.pagefactory.bys.builder.ByChained.findElement(ByChained.java:77)
	at org.openqa.selenium.remote.ElementLocation$ElementFinder$1.findElement(ElementLocation.java:139)
	at org.openqa.selenium.remote.ElementLocation.findElement(ElementLocation.java:59)
	at org.openqa.selenium.remote.RemoteWebDriver.findElement(RemoteWebDriver.java:359)
	at org.openqa.selenium.remote.RemoteWebDriver.findElement(RemoteWebDriver.java:353)
	at io.appium.java_client.pagefactory.bys.ContentMappedBy.findElement(ContentMappedBy.java:53)
	at org.openqa.selenium.remote.ElementLocation$ElementFinder$1.findElement(ElementLocation.java:139)
	at org.openqa.selenium.remote.ElementLocation.findElement(ElementLocation.java:59)
	at org.openqa.selenium.remote.RemoteWebDriver.findElement(RemoteWebDriver.java:359)
	at org.openqa.selenium.remote.RemoteWebDriver.findElement(RemoteWebDriver.java:353)
	at io.appium.java_client.pagefactory.AppiumElementLocator.lambda$findElement$1(AppiumElementLocator.java:160)
	at io.appium.java_client.pagefactory.AppiumElementLocator$WaitingFunction.apply(AppiumElementLocator.java:217)
	at io.appium.java_client.pagefactory.AppiumElementLocator$WaitingFunction.apply(AppiumElementLocator.java:210)
	at org.openqa.selenium.support.ui.FluentWait.until(FluentWait.java:205)
	... 35 more
... Removed 27 stack frames</pre></div><a href='#' onClick='toggleBox("stack-trace281759815", this, "Click to show all stack frames", "Click to hide stack frames")'>Click to show all stack frames</a>
<div class='stack-trace' id='stack-trace281759815'><pre>org.openqa.selenium.NoSuchElementException: Can&apos;t locate an element by this strategy: By.chained({By.xpath: //android.widget.TextView[@text=&apos;Settings&apos;]})
	at io.appium.java_client.pagefactory.AppiumElementLocator.findElement(AppiumElementLocator.java:166)
	at io.appium.java_client.pagefactory.interceptors.InterceptorOfASingleElement.call(InterceptorOfASingleElement.java:64)
	at io.appium.java_client.proxy.Interceptor.intercept(Interceptor.java:78)
	at org.openqa.selenium.remote.RemoteWebElement$ByteBuddy$0sVpc9wf.click(Unknown Source)
	at pageObject.RTR1604vSettings.settings(RTR1604vSettings.java:38)
	at testCases.Bangladesh.rtr1604vsettings(Bangladesh.java:143)
	at java.base/jdk.internal.reflect.NativeMethodAccessorImpl.invoke0(Native Method)
	at java.base/jdk.internal.reflect.NativeMethodAccessorImpl.invoke(NativeMethodAccessorImpl.java:77)
	at java.base/jdk.internal.reflect.DelegatingMethodAccessorImpl.invoke(DelegatingMethodAccessorImpl.java:43)
	at java.base/java.lang.reflect.Method.invoke(Method.java:568)
	at org.testng.internal.MethodInvocationHelper.invokeMethod(MethodInvocationHelper.java:133)
	at org.testng.internal.TestInvoker.invokeMethod(TestInvoker.java:598)
	at org.testng.internal.TestInvoker.invokeTestMethod(TestInvoker.java:173)
	at org.testng.internal.MethodRunner.runInSequence(MethodRunner.java:46)
	at org.testng.internal.TestInvoker$MethodInvocationAgent.invoke(TestInvoker.java:824)
	at org.testng.internal.TestInvoker.invokeTestMethods(TestInvoker.java:146)
	at org.testng.internal.TestMethodWorker.invokeTestMethods(TestMethodWorker.java:146)
	at org.testng.internal.TestMethodWorker.run(TestMethodWorker.java:128)
	at java.base/java.util.ArrayList.forEach(ArrayList.java:1511)
	at org.testng.TestRunner.privateRun(TestRunner.java:794)
	at org.testng.TestRunner.run(TestRunner.java:596)
	at org.testng.SuiteRunner.runTest(SuiteRunner.java:377)
	at org.testng.SuiteRunner.runSequentially(SuiteRunner.java:371)
	at org.testng.SuiteRunner.privateRun(SuiteRunner.java:332)
	at org.testng.SuiteRunner.run(SuiteRunner.java:276)
	at org.testng.SuiteRunnerWorker.runSuite(SuiteRunnerWorker.java:53)
	at org.testng.SuiteRunnerWorker.run(SuiteRunnerWorker.java:96)
	at org.testng.TestNG.runSuitesSequentially(TestNG.java:1212)
	at org.testng.TestNG.runSuitesLocally(TestNG.java:1134)
	at org.testng.TestNG.runSuites(TestNG.java:1063)
	at org.testng.TestNG.run(TestNG.java:1031)
	at org.testng.remote.AbstractRemoteTestNG.run(AbstractRemoteTestNG.java:115)
	at org.testng.remote.RemoteTestNG.initAndRun(RemoteTestNG.java:251)
	at org.testng.remote.RemoteTestNG.main(RemoteTestNG.java:77)
Caused by: org.openqa.selenium.TimeoutException: Expected condition failed: waiting for io.appium.java_client.pagefactory.AppiumElementLocator$WaitingFunction@2e1c5d1f (tried for 1 second(s) with 500 milliseconds interval)
	at org.openqa.selenium.support.ui.FluentWait.timeoutException(FluentWait.java:262)
	at org.openqa.selenium.support.ui.FluentWait.until(FluentWait.java:230)
	at io.appium.java_client.pagefactory.AppiumElementLocator.waitFor(AppiumElementLocator.java:135)
	at io.appium.java_client.pagefactory.AppiumElementLocator.findElement(AppiumElementLocator.java:160)
	... 33 more
Caused by: org.openqa.selenium.NoSuchElementException: Cannot locate an element using By.chained({By.xpath: //android.widget.TextView[@text=&apos;Settings&apos;]})
For documentation on this error, please visit: https://www.selenium.dev/documentation/webdriver/troubleshooting/errors#no-such-element-exception
Build info: version: &apos;4.13.0&apos;, revision: &apos;ba948ece5b*&apos;
System info: os.name: &apos;Windows 10&apos;, os.arch: &apos;amd64&apos;, os.version: &apos;10.0&apos;, java.version: &apos;17.0.6&apos;
Driver info: driver.version: RemoteWebDriver
	at io.appium.java_client.pagefactory.bys.builder.ByChained.findElement(ByChained.java:77)
	at org.openqa.selenium.remote.ElementLocation$ElementFinder$1.findElement(ElementLocation.java:139)
	at org.openqa.selenium.remote.ElementLocation.findElement(ElementLocation.java:59)
	at org.openqa.selenium.remote.RemoteWebDriver.findElement(RemoteWebDriver.java:359)
	at org.openqa.selenium.remote.RemoteWebDriver.findElement(RemoteWebDriver.java:353)
	at io.appium.java_client.pagefactory.bys.ContentMappedBy.findElement(ContentMappedBy.java:53)
	at org.openqa.selenium.remote.ElementLocation$ElementFinder$1.findElement(ElementLocation.java:139)
	at org.openqa.selenium.remote.ElementLocation.findElement(ElementLocation.java:59)
	at org.openqa.selenium.remote.RemoteWebDriver.findElement(RemoteWebDriver.java:359)
	at org.openqa.selenium.remote.RemoteWebDriver.findElement(RemoteWebDriver.java:353)
	at io.appium.java_client.pagefactory.AppiumElementLocator.lambda$findElement$1(AppiumElementLocator.java:160)
	at io.appium.java_client.pagefactory.AppiumElementLocator$WaitingFunction.apply(AppiumElementLocator.java:217)
	at io.appium.java_client.pagefactory.AppiumElementLocator$WaitingFunction.apply(AppiumElementLocator.java:210)
	at org.openqa.selenium.support.ui.FluentWait.until(FluentWait.java:205)
	... 35 more
</pre></div></td>
<td>10</td>
<td>testCases.Bangladesh@36328d33</td></tr>
</table><p>
<table width='100%' border='1' class='invocation-passed'>
<tr><td colspan='4' align='center'><b>PASSED TESTS</b></td></tr>
<tr><td><b>Test method</b></td>
<td width="30%"><b>Exception</b></td>
<td width="10%"><b>Time (seconds)</b></td>
<td><b>Instance</b></td>
</tr>
<tr>
<td title='testCases.Bangladesh.rtr1604vmyrideslist()'><b>rtr1604vmyrideslist</b><br>Test class: testCases.Bangladesh</td>
<td></td>
<td>7</td>
<td>testCases.Bangladesh@36328d33</td></tr>
<tr>
<td title='testCases.Bangladesh.addrtrapache1602vcarb()'><b>addrtrapache1602vcarb</b><br>Test class: testCases.Bangladesh</td>
<td></td>
<td>11</td>
<td>testCases.Bangladesh@36328d33</td></tr>
<tr>
<td title='testCases.Bangladesh.hamburgerlist()'><b>hamburgerlist</b><br>Test class: testCases.Bangladesh<br>Parameters: TVS Connect Bangladesh Application</td>
<td></td>
<td>36</td>
<td>testCases.Bangladesh@36328d33</td></tr>
<tr>
<td title='testCases.Bangladesh.rtr1602vfilocatevehicle()'><b>rtr1602vfilocatevehicle</b><br>Test class: testCases.Bangladesh</td>
<td></td>
<td>5</td>
<td>testCases.Bangladesh@36328d33</td></tr>
<tr>
<td title='testCases.Bangladesh.reridedetails()'><b>reridedetails</b><br>Test class: testCases.Bangladesh</td>
<td></td>
<td>4</td>
<td>testCases.Bangladesh@36328d33</td></tr>
<tr>
<td title='testCases.Bangladesh.rtr1604vaddvehicle()'><b>rtr1604vaddvehicle</b><br>Test class: testCases.Bangladesh</td>
<td></td>
<td>26</td>
<td>testCases.Bangladesh@36328d33</td></tr>
<tr>
<td title='testCases.Bangladesh.notification()'><b>notification</b><br>Test class: testCases.Bangladesh</td>
<td></td>
<td>1</td>
<td>testCases.Bangladesh@36328d33</td></tr>
<tr>
<td title='testCases.Bangladesh.apachesettings()'><b>apachesettings</b><br>Test class: testCases.Bangladesh</td>
<td></td>
<td>7</td>
<td>testCases.Bangladesh@36328d33</td></tr>
<tr>
<td title='testCases.Bangladesh.apachelocatevehicle()'><b>apachelocatevehicle</b><br>Test class: testCases.Bangladesh</td>
<td></td>
<td>5</td>
<td>testCases.Bangladesh@36328d33</td></tr>
<tr>
<td title='testCases.Bangladesh.signupDetails()'><b>signupDetails</b><br>Test class: testCases.Bangladesh</td>
<td></td>
<td>6</td>
<td>testCases.Bangladesh@36328d33</td></tr>
<tr>
<td title='testCases.Bangladesh.applicationLogin()'><b>applicationLogin</b><br>Test class: testCases.Bangladesh</td>
<td></td>
<td>21</td>
<td>testCases.Bangladesh@36328d33</td></tr>
<tr>
<td title='testCases.Bangladesh.dashboardfaqfeedback()'><b>dashboardfaqfeedback</b><br>Test class: testCases.Bangladesh<br>Parameters: TVS Connect Bangladesh Application</td>
<td></td>
<td>21</td>
<td>testCases.Bangladesh@36328d33</td></tr>
<tr>
<td title='testCases.Bangladesh.verifyOtp()'><b>verifyOtp</b><br>Test class: testCases.Bangladesh</td>
<td></td>
<td>10</td>
<td>testCases.Bangladesh@36328d33</td></tr>
<tr>
<td title='testCases.Bangladesh.myprofile()'><b>myprofile</b><br>Test class: testCases.Bangladesh<br>Parameters: Rajesh Pathak, Chattogram, Allergy, Tvs application</td>
<td></td>
<td>36</td>
<td>testCases.Bangladesh@36328d33</td></tr>
<tr>
<td title='testCases.Bangladesh.addracingeditionvehicle()'><b>addracingeditionvehicle</b><br>Test class: testCases.Bangladesh</td>
<td></td>
<td>9</td>
<td>testCases.Bangladesh@36328d33</td></tr>
<tr>
<td title='testCases.Bangladesh.rtr1604vmytour()'><b>rtr1604vmytour</b><br>Test class: testCases.Bangladesh</td>
<td></td>
<td>4</td>
<td>testCases.Bangladesh@36328d33</td></tr>
<tr>
<td title='testCases.Bangladesh.remyrides()'><b>remyrides</b><br>Test class: testCases.Bangladesh</td>
<td></td>
<td>3</td>
<td>testCases.Bangladesh@36328d33</td></tr>
<tr>
<td title='testCases.Bangladesh.reknowyourbike()'><b>reknowyourbike</b><br>Test class: testCases.Bangladesh</td>
<td></td>
<td>6</td>
<td>testCases.Bangladesh@36328d33</td></tr>
<tr>
<td title='testCases.Bangladesh.apacheriding101()'><b>apacheriding101</b><br>Test class: testCases.Bangladesh</td>
<td></td>
<td>3</td>
<td>testCases.Bangladesh@36328d33</td></tr>
<tr>
<td title='testCases.Bangladesh.apachevehicleoverview()'><b>apachevehicleoverview</b><br>Test class: testCases.Bangladesh</td>
<td></td>
<td>2</td>
<td>testCases.Bangladesh@36328d33</td></tr>
<tr>
<td title='testCases.Bangladesh.apache1602vfivehicleovgierview()'><b>apache1602vfivehicleovgierview</b><br>Test class: testCases.Bangladesh</td>
<td></td>
<td>5</td>
<td>testCases.Bangladesh@36328d33</td></tr>
<tr>
<td title='testCases.Bangladesh.rtr1604vlastparklocation()'><b>rtr1604vlastparklocation</b><br>Test class: testCases.Bangladesh</td>
<td></td>
<td>14</td>
<td>testCases.Bangladesh@36328d33</td></tr>
<tr>
<td title='testCases.Bangladesh.addapache1602vfi()'><b>addapache1602vfi</b><br>Test class: testCases.Bangladesh</td>
<td></td>
<td>16</td>
<td>testCases.Bangladesh@36328d33</td></tr>
<tr>
<td title='testCases.Bangladesh.resettings()'><b>resettings</b><br>Test class: testCases.Bangladesh</td>
<td></td>
<td>7</td>
<td>testCases.Bangladesh@36328d33</td></tr>
<tr>
<td title='testCases.Bangladesh.apacheusermanual()'><b>apacheusermanual</b><br>Test class: testCases.Bangladesh</td>
<td></td>
<td>6</td>
<td>testCases.Bangladesh@36328d33</td></tr>
<tr>
<td title='testCases.Bangladesh.relastparkedlocation()'><b>relastparkedlocation</b><br>Test class: testCases.Bangladesh</td>
<td></td>
<td>5</td>
<td>testCases.Bangladesh@36328d33</td></tr>
<tr>
<td title='testCases.Bangladesh.rtr1602vfiusermanual()'><b>rtr1602vfiusermanual</b><br>Test class: testCases.Bangladesh</td>
<td></td>
<td>6</td>
<td>testCases.Bangladesh@36328d33</td></tr>
<tr>
<td title='testCases.Bangladesh.rtr1602vfiriding101()'><b>rtr1602vfiriding101</b><br>Test class: testCases.Bangladesh</td>
<td></td>
<td>3</td>
<td>testCases.Bangladesh@36328d33</td></tr>
<tr>
<td title='testCases.Bangladesh.rehowtovideos()'><b>rehowtovideos</b><br>Test class: testCases.Bangladesh</td>
<td></td>
<td>7</td>
<td>testCases.Bangladesh@36328d33</td></tr>
<tr>
<td title='testCases.Bangladesh.rtr1604vridedetails()'><b>rtr1604vridedetails</b><br>Test class: testCases.Bangladesh</td>
<td></td>
<td>18</td>
<td>testCases.Bangladesh@36328d33</td></tr>
<tr>
<td title='testCases.Bangladesh.rtr1602vfisettings()'><b>rtr1602vfisettings</b><br>Test class: testCases.Bangladesh</td>
<td></td>
<td>12</td>
<td>testCases.Bangladesh@36328d33</td></tr>
</table><p>
</body>
</html>