<?xml version="1.0" encoding="UTF-8"?>
<!-- Generated by org.testng.reporters.JUnitXMLReporter -->
<testsuite ignored="0" hostname="DESKTOP-HQV51JQ" failures="2" tests="33" name="Test" time="382.085" errors="0" timestamp="2024-03-29T13:11:44 IST">
  <testcase classname="testCases.Bangladesh" name="applicationLogin" time="21.897"/>
  <testcase classname="testCases.Bangladesh" name="signupDetails" time="6.151"/>
  <testcase classname="testCases.Bangladesh" name="verifyOtp" time="10.085"/>
  <testcase classname="testCases.Bangladesh" name="rtr1604vaddvehicle" time="26.743"/>
  <testcase classname="testCases.Bangladesh" name="notification" time="1.781"/>
  <testcase classname="testCases.Bangladesh" name="myprofile" time="36.088"/>
  <testcase classname="testCases.Bangladesh" name="hamburgerlist" time="36.263"/>
  <testcase classname="testCases.Bangladesh" name="rtr1604vridedetails" time="18.385"/>
  <testcase classname="testCases.Bangladesh" name="rtr1604vmyrideslist" time="7.736"/>
  <testcase classname="testCases.Bangladesh" name="rtr1604vmytour" time="4.209"/>
  <testcase classname="testCases.Bangladesh" name="rtr1604vknowyourbike" time="10.17">
    <failure type="org.openqa.selenium.NoSuchElementException" message="Can&amp;apos;t locate an element by this strategy: By.chained({By.xpath: //*[contains(@text,&amp;apos;Know&amp;apos;)]})">
      <![CDATA[org.openqa.selenium.NoSuchElementException: Can't locate an element by this strategy: By.chained({By.xpath: //*[contains(@text,'Know')]})
at io.appium.java_client.pagefactory.AppiumElementLocator.findElement(AppiumElementLocator.java:166)
at io.appium.java_client.pagefactory.interceptors.InterceptorOfASingleElement.call(InterceptorOfASingleElement.java:64)
at io.appium.java_client.proxy.Interceptor.intercept(Interceptor.java:78)
at org.openqa.selenium.remote.RemoteWebElement$ByteBuddy$PRrkw47k.click(Unknown Source)
at pageObject.RTR1604vKnowYourBike.knowyourbike(RTR1604vKnowYourBike.java:21)
at testCases.Bangladesh.rtr1604vknowyourbike(Bangladesh.java:135)
at java.base/java.util.ArrayList.forEach(ArrayList.java:1511)
Caused by: org.openqa.selenium.TimeoutException: Expected condition failed: waiting for io.appium.java_client.pagefactory.AppiumElementLocator$WaitingFunction@624be1d4 (tried for 1 second(s) with 500 milliseconds interval)
at org.openqa.selenium.support.ui.FluentWait.timeoutException(FluentWait.java:262)
at org.openqa.selenium.support.ui.FluentWait.until(FluentWait.java:230)
at io.appium.java_client.pagefactory.AppiumElementLocator.waitFor(AppiumElementLocator.java:135)
at io.appium.java_client.pagefactory.AppiumElementLocator.findElement(AppiumElementLocator.java:160)
... 33 more
Caused by: org.openqa.selenium.NoSuchElementException: Cannot locate an element using By.chained({By.xpath: //*[contains(@text,'Know')]})
For documentation on this error, please visit: https://www.selenium.dev/documentation/webdriver/troubleshooting/errors#no-such-element-exception
Build info: version: '4.13.0', revision: 'ba948ece5b*'
System info: os.name: 'Windows 10', os.arch: 'amd64', os.version: '10.0', java.version: '17.0.6'
Driver info: driver.version: RemoteWebDriver
at io.appium.java_client.pagefactory.bys.builder.ByChained.findElement(ByChained.java:77)
at org.openqa.selenium.remote.ElementLocation$ElementFinder$1.findElement(ElementLocation.java:139)
at org.openqa.selenium.remote.ElementLocation.findElement(ElementLocation.java:59)
at org.openqa.selenium.remote.RemoteWebDriver.findElement(RemoteWebDriver.java:359)
at org.openqa.selenium.remote.RemoteWebDriver.findElement(RemoteWebDriver.java:353)
at io.appium.java_client.pagefactory.bys.ContentMappedBy.findElement(ContentMappedBy.java:53)
at org.openqa.selenium.remote.ElementLocation$ElementFinder$1.findElement(ElementLocation.java:139)
at org.openqa.selenium.remote.ElementLocation.findElement(ElementLocation.java:59)
at org.openqa.selenium.remote.RemoteWebDriver.findElement(RemoteWebDriver.java:359)
at org.openqa.selenium.remote.RemoteWebDriver.findElement(RemoteWebDriver.java:353)
at io.appium.java_client.pagefactory.AppiumElementLocator.lambda$findElement$1(AppiumElementLocator.java:160)
at io.appium.java_client.pagefactory.AppiumElementLocator$WaitingFunction.apply(AppiumElementLocator.java:217)
at io.appium.java_client.pagefactory.AppiumElementLocator$WaitingFunction.apply(AppiumElementLocator.java:210)
at org.openqa.selenium.support.ui.FluentWait.until(FluentWait.java:205)
... 35 more
... Removed 27 stack frames]]>
    </failure>
  </testcase> <!-- rtr1604vknowyourbike -->
  <testcase classname="testCases.Bangladesh" name="rtr1604vsettings" time="10.237">
    <failure type="org.openqa.selenium.NoSuchElementException" message="Can&amp;apos;t locate an element by this strategy: By.chained({By.xpath: //android.widget.TextView[@text=&amp;apos;Settings&amp;apos;]})">
      <![CDATA[org.openqa.selenium.NoSuchElementException: Can't locate an element by this strategy: By.chained({By.xpath: //android.widget.TextView[@text='Settings']})
at io.appium.java_client.pagefactory.AppiumElementLocator.findElement(AppiumElementLocator.java:166)
at io.appium.java_client.pagefactory.interceptors.InterceptorOfASingleElement.call(InterceptorOfASingleElement.java:64)
at io.appium.java_client.proxy.Interceptor.intercept(Interceptor.java:78)
at org.openqa.selenium.remote.RemoteWebElement$ByteBuddy$0sVpc9wf.click(Unknown Source)
at pageObject.RTR1604vSettings.settings(RTR1604vSettings.java:38)
at testCases.Bangladesh.rtr1604vsettings(Bangladesh.java:143)
at java.base/java.util.ArrayList.forEach(ArrayList.java:1511)
Caused by: org.openqa.selenium.TimeoutException: Expected condition failed: waiting for io.appium.java_client.pagefactory.AppiumElementLocator$WaitingFunction@2e1c5d1f (tried for 1 second(s) with 500 milliseconds interval)
at org.openqa.selenium.support.ui.FluentWait.timeoutException(FluentWait.java:262)
at org.openqa.selenium.support.ui.FluentWait.until(FluentWait.java:230)
at io.appium.java_client.pagefactory.AppiumElementLocator.waitFor(AppiumElementLocator.java:135)
at io.appium.java_client.pagefactory.AppiumElementLocator.findElement(AppiumElementLocator.java:160)
... 33 more
Caused by: org.openqa.selenium.NoSuchElementException: Cannot locate an element using By.chained({By.xpath: //android.widget.TextView[@text='Settings']})
For documentation on this error, please visit: https://www.selenium.dev/documentation/webdriver/troubleshooting/errors#no-such-element-exception
Build info: version: '4.13.0', revision: 'ba948ece5b*'
System info: os.name: 'Windows 10', os.arch: 'amd64', os.version: '10.0', java.version: '17.0.6'
Driver info: driver.version: RemoteWebDriver
at io.appium.java_client.pagefactory.bys.builder.ByChained.findElement(ByChained.java:77)
at org.openqa.selenium.remote.ElementLocation$ElementFinder$1.findElement(ElementLocation.java:139)
at org.openqa.selenium.remote.ElementLocation.findElement(ElementLocation.java:59)
at org.openqa.selenium.remote.RemoteWebDriver.findElement(RemoteWebDriver.java:359)
at org.openqa.selenium.remote.RemoteWebDriver.findElement(RemoteWebDriver.java:353)
at io.appium.java_client.pagefactory.bys.ContentMappedBy.findElement(ContentMappedBy.java:53)
at org.openqa.selenium.remote.ElementLocation$ElementFinder$1.findElement(ElementLocation.java:139)
at org.openqa.selenium.remote.ElementLocation.findElement(ElementLocation.java:59)
at org.openqa.selenium.remote.RemoteWebDriver.findElement(RemoteWebDriver.java:359)
at org.openqa.selenium.remote.RemoteWebDriver.findElement(RemoteWebDriver.java:353)
at io.appium.java_client.pagefactory.AppiumElementLocator.lambda$findElement$1(AppiumElementLocator.java:160)
at io.appium.java_client.pagefactory.AppiumElementLocator$WaitingFunction.apply(AppiumElementLocator.java:217)
at io.appium.java_client.pagefactory.AppiumElementLocator$WaitingFunction.apply(AppiumElementLocator.java:210)
at org.openqa.selenium.support.ui.FluentWait.until(FluentWait.java:205)
... 35 more
... Removed 27 stack frames]]>
    </failure>
  </testcase> <!-- rtr1604vsettings -->
  <testcase classname="testCases.Bangladesh" name="rtr1604vlastparklocation" time="14.642"/>
  <testcase classname="testCases.Bangladesh" name="addracingeditionvehicle" time="9.959"/>
  <testcase classname="testCases.Bangladesh" name="reridedetails" time="4.22"/>
  <testcase classname="testCases.Bangladesh" name="remyrides" time="3.233"/>
  <testcase classname="testCases.Bangladesh" name="reknowyourbike" time="6.371"/>
  <testcase classname="testCases.Bangladesh" name="resettings" time="7.968"/>
  <testcase classname="testCases.Bangladesh" name="relastparkedlocation" time="5.334"/>
  <testcase classname="testCases.Bangladesh" name="rehowtovideos" time="7.903"/>
  <testcase classname="testCases.Bangladesh" name="addrtrapache1602vcarb" time="11.511"/>
  <testcase classname="testCases.Bangladesh" name="apachevehicleoverview" time="2.772"/>
  <testcase classname="testCases.Bangladesh" name="apachesettings" time="7.768"/>
  <testcase classname="testCases.Bangladesh" name="apachelocatevehicle" time="5.179"/>
  <testcase classname="testCases.Bangladesh" name="apacheusermanual" time="6.038"/>
  <testcase classname="testCases.Bangladesh" name="apacheriding101" time="3.788"/>
  <testcase classname="testCases.Bangladesh" name="addapache1602vfi" time="16.448"/>
  <testcase classname="testCases.Bangladesh" name="apache1602vfivehicleovgierview" time="5.326"/>
  <testcase classname="testCases.Bangladesh" name="rtr1602vfisettings" time="12.657"/>
  <testcase classname="testCases.Bangladesh" name="rtr1602vfilocatevehicle" time="5.084"/>
  <testcase classname="testCases.Bangladesh" name="rtr1602vfiusermanual" time="6.129"/>
  <testcase classname="testCases.Bangladesh" name="rtr1602vfiriding101" time="3.347"/>
  <testcase classname="testCases.Bangladesh" name="dashboardfaqfeedback" time="21.206"/>
</testsuite> <!-- Test -->
